D:\MY_DOCUMENTS\WEBOPENPRODUCTS\HEMMING\WORK_2_на_2012\WORK_2\RELEASE\WORK_2.PCH
D:\MY_DOCUMENTS\WEBOPENPRODUCTS\HEMMING\WORK_2_на_2012\WORK_2\RELEASE\STDAFX.OBJ
D:\MY_DOCUMENTS\WEBOPENPRODUCTS\HEMMING\WORK_2_НА_2012\WORK_2\RELEASE\VC110.PDB
D:\MY_DOCUMENTS\WEBOPENPRODUCTS\HEMMING\WORK_2_на_2012\WORK_2\RELEASE\WORK_2.OBJ
D:\MY_DOCUMENTS\WEBOPENPRODUCTS\HEMMING\WORK_2_на_2012\WORK_2\RELEASE\ASSEMBLYINFO.OBJ
D:\MY_DOCUMENTS\WEBOPENPRODUCTS\HEMMING\WORK_2_на_2012\WORK_2\RELEASE\.NETFRAMEWORK,VERSION=V4.0.ASSEMBLYATTRIBUTES.OBJ
D:\MY_DOCUMENTS\WEBOPENPRODUCTS\HEMMING\WORK_2_на_2012\RELEASE\WORK_2.EXE
D:\MY_DOCUMENTS\WEBOPENPRODUCTS\HEMMING\WORK_2_НА_2012\RELEASE\WORK_2.PDB
D:\MY_DOCUMENTS\WEBOPENPRODUCTS\HEMMING\WORK_2_на_2012\WORK_2\RELEASE\APP.RES
D:\My_Documents\WebOpenProducts\Hemming\Work_2_на_2012\Work_2\Release\Work_2.Form1.resources
C:\Users\Рушат\Desktop\Курсач\Work_2_на_2012_gmail\Work_2_на_2012_gmail\Work_2\Release\Work_2.vcxproj.GenerateResource.cache
C:\Users\Рушат\Desktop\Курсач\Work_2_на_2012_gmail\Work_2_на_2012_gmail\Work_2\Release\Work_2.vcxprojAssemblyReference.cache
C:\Users\Рушат\Desktop\Курсач\Work_2_на_2012_gmail\Work_2_на_2012_gmail\Work_2\Release\Work_2.vcxprojResolveAssemblyReference.cache
C:\Users\Рушат\Desktop\Курсач\Work_2_на_2012_gmail\Work_2_на_2012_gmail\Work_2\Release\.NETFramework,Version=v4.0.AssemblyAttributes.obj
C:\Users\Рушат\Desktop\Курсач\Work_2_на_2012_gmail\Work_2_на_2012_gmail\Work_2\Release\AssemblyInfo.obj
C:\Users\Рушат\Desktop\Курсач\Work_2_на_2012_gmail\Work_2_на_2012_gmail\Work_2\Release\stdafx.obj
C:\Users\Рушат\Desktop\Курсач\Work_2_на_2012_gmail\Work_2_на_2012_gmail\Work_2\Release\Work_2.obj
C:\Users\Рушат\Desktop\Курсач\Work_2_на_2012_gmail\Work_2_на_2012_gmail\Work_2\Release\Work_2.Form1.resources
C:\Users\Рушат\Desktop\Курсач\Work_2_на_2012_gmail\Work_2_на_2012_gmail\Work_2\Release\cl.command.1.tlog
C:\Users\Рушат\Desktop\Курсач\Work_2_на_2012_gmail\Work_2_на_2012_gmail\Work_2\Release\CL.read.1.tlog
C:\Users\Рушат\Desktop\Курсач\Work_2_на_2012_gmail\Work_2_на_2012_gmail\Work_2\Release\CL.write.1.tlog
C:\Users\Рушат\Desktop\Курсач\Work_2_на_2012_gmail\Work_2_на_2012_gmail\Work_2\Release\link-cvtres.read.1.tlog
C:\Users\Рушат\Desktop\Курсач\Work_2_на_2012_gmail\Work_2_на_2012_gmail\Work_2\Release\link-cvtres.write.1.tlog
C:\Users\Рушат\Desktop\Курсач\Work_2_на_2012_gmail\Work_2_на_2012_gmail\Work_2\Release\link-rc.read.1.tlog
C:\Users\Рушат\Desktop\Курсач\Work_2_на_2012_gmail\Work_2_на_2012_gmail\Work_2\Release\link-rc.write.1.tlog
C:\Users\Рушат\Desktop\Курсач\Work_2_на_2012_gmail\Work_2_на_2012_gmail\Work_2\Release\link.command.1.tlog
C:\Users\Рушат\Desktop\Курсач\Work_2_на_2012_gmail\Work_2_на_2012_gmail\Work_2\Release\link.read.1.tlog
C:\Users\Рушат\Desktop\Курсач\Work_2_на_2012_gmail\Work_2_на_2012_gmail\Work_2\Release\link.write.1.tlog
C:\Users\Рушат\Desktop\Курсач\Work_2_на_2012_gmail\Work_2_на_2012_gmail\Work_2\Release\metagen.read.1.tlog
C:\Users\Рушат\Desktop\Курсач\Work_2_на_2012_gmail\Work_2_на_2012_gmail\Work_2\Release\metagen.write.1.tlog
C:\Users\Рушат\Desktop\Курсач\Work_2_на_2012_gmail\Work_2_на_2012_gmail\Work_2\Release\rc.command.1.tlog
C:\Users\Рушат\Desktop\Курсач\Work_2_на_2012_gmail\Work_2_на_2012_gmail\Work_2\Release\rc.read.1.tlog
C:\Users\Рушат\Desktop\Курсач\Work_2_на_2012_gmail\Work_2_на_2012_gmail\Work_2\Release\rc.write.1.tlog
C:\Users\Рушат\Desktop\Курсач\Work_2_на_2012_gmail\Work_2_на_2012_gmail\Work_2\Release\Work_2.write.1.tlog
C:\Users\Рушат\Desktop\Курсач\Work_2_на_2012_gmail\Work_2_на_2012_gmail\Work_2\Release\app.res
C:\Users\Рушат\Desktop\Курсач\Work_2_на_2012_gmail\Work_2_на_2012_gmail\Work_2\Release\Work_2.pch
C:\Users\Рушат\Desktop\Курсач\Work_2_на_2012_gmail\Work_2_на_2012_gmail\Work_2\Release\vc110.pdb
C:\Users\Рушат\Desktop\Курсач\Work_2_на_2012_gmail\Work_2_на_2012_gmail\Work_2\Release\vc142.pdb
C:\Users\Рушат\Desktop\Курсач\Work_2_на_2012_gmail\Work_2_на_2012_gmail\Work_2\Release\RSAENH.DLL.bi
C:\Users\Рушат\Desktop\Курсач\Work_2_на_2012_gmail\Work_2_на_2012_gmail\Work_2\Release\TZRES.DLL.bi
